[debug] [2022-08-21T20:27:54.886Z] ----------------------------------------------------------------------
[debug] [2022-08-21T20:27:54.895Z] Command:       C:\Program Files\nodejs\node.exe C:\Users\ababu\AppData\Roaming\npm\node_modules\firebase-tools\lib\bin\firebase.js init
[debug] [2022-08-21T20:27:54.896Z] CLI Version:   11.7.0
[debug] [2022-08-21T20:27:54.896Z] Platform:      win32
[debug] [2022-08-21T20:27:54.897Z] Node Version:  v16.13.1
[debug] [2022-08-21T20:27:54.898Z] Time:          Sun Aug 21 2022 23:27:54 GMT+0300 (East Africa Time)
[debug] [2022-08-21T20:27:54.899Z] ----------------------------------------------------------------------
[debug] 
[debug] [2022-08-21T20:27:54.911Z] >>> [apiv2][query] GET https://firebase-public.firebaseio.com/cli.json [none]
[debug] [2022-08-21T20:27:54.966Z] > command requires scopes: ["email","openid","https://www.googleapis.com/auth/cloudplatformprojects.readonly","https://www.googleapis.com/auth/firebase","https://www.googleapis.com/auth/cloud-platform"]
[debug] [2022-08-21T20:27:54.966Z] > authorizing via signed-in user (ababualemu123@gmail.com)
[info] 
     ######## #### ########  ######## ########     ###     ######  ########
     ##        ##  ##     ## ##       ##     ##  ##   ##  ##       ##
     ######    ##  ########  ######   ########  #########  ######  ######
     ##        ##  ##    ##  ##       ##     ## ##     ##       ## ##
     ##       #### ##     ## ######## ########  ##     ##  ######  ########

You're about to initialize a Firebase project in this directory:

  C:\Users\ababu\Desktop\VS Code\test-app

[debug] [2022-08-21T20:27:55.904Z] <<< [apiv2][status] GET https://firebase-public.firebaseio.com/cli.json 200
[debug] [2022-08-21T20:27:55.905Z] <<< [apiv2][body] GET https://firebase-public.firebaseio.com/cli.json {"cloudBuildErrorAfter":1594252800000,"cloudBuildWarnAfter":1590019200000,"defaultNode10After":1594252800000,"minVersion":"3.0.5","node8DeploysDisabledAfter":1613390400000,"node8RuntimeDisabledAfter":1615809600000,"node8WarnAfter":1600128000000}
